09:36:40.765 [main] INFO  c.o.o.c.m.services.GetAllUsersTest - Starting GetAllUsersTest on INNOSZLP00803 with PID 16700 (started by NP00442504 in D:\OpenMatics\Code\with cafen\client-login-service)
09:36:40.769 [main] INFO  c.o.o.c.m.services.GetAllUsersTest - No active profile set, falling back to default profiles: default
09:36:54.721 [main] INFO  c.o.o.c.m.services.GetAllUsersTest - Starting GetAllUsersTest on INNOSZLP00803 with PID 16700 (started by NP00442504 in D:\OpenMatics\Code\with cafen\client-login-service)
09:36:54.739 [main] INFO  c.o.o.c.m.services.GetAllUsersTest - No active profile set, falling back to default profiles: default
09:37:00.036 [main] INFO  c.o.o.c.m.services.GetUserByNameTest - Starting GetUserByNameTest on INNOSZLP00803 with PID 16700 (started by NP00442504 in D:\OpenMatics\Code\with cafen\client-login-service)
09:37:00.041 [main] INFO  c.o.o.c.m.services.GetUserByNameTest - No active profile set, falling back to default profiles: default
09:37:04.113 [main] INFO  c.o.o.c.m.services.GetUserByNameTest - Starting GetUserByNameTest on INNOSZLP00803 with PID 16700 (started by NP00442504 in D:\OpenMatics\Code\with cafen\client-login-service)
09:37:04.114 [main] INFO  c.o.o.c.m.services.GetUserByNameTest - No active profile set, falling back to default profiles: default
09:40:56.619 [main] INFO  c.o.o.c.m.services.GetAllUsersTest - Starting GetAllUsersTest on INNOSZLP00803 with PID 16908 (started by NP00442504 in D:\OpenMatics\Code\with cafen\client-login-service)
09:40:56.620 [main] INFO  c.o.o.c.m.services.GetAllUsersTest - No active profile set, falling back to default profiles: default
09:41:05.185 [main] INFO  c.o.o.c.m.services.GetAllUsersTest - Starting GetAllUsersTest on INNOSZLP00803 with PID 16908 (started by NP00442504 in D:\OpenMatics\Code\with cafen\client-login-service)
09:41:05.185 [main] INFO  c.o.o.c.m.services.GetAllUsersTest - No active profile set, falling back to default profiles: default
09:41:09.349 [main] INFO  c.o.o.c.m.services.GetUserByNameTest - Starting GetUserByNameTest on INNOSZLP00803 with PID 16908 (started by NP00442504 in D:\OpenMatics\Code\with cafen\client-login-service)
09:41:09.350 [main] INFO  c.o.o.c.m.services.GetUserByNameTest - No active profile set, falling back to default profiles: default
09:41:13.891 [main] INFO  c.o.o.c.m.services.GetUserByNameTest - Starting GetUserByNameTest on INNOSZLP00803 with PID 16908 (started by NP00442504 in D:\OpenMatics\Code\with cafen\client-login-service)
09:41:13.892 [main] INFO  c.o.o.c.m.services.GetUserByNameTest - No active profile set, falling back to default profiles: default
09:46:54.884 [main] INFO  c.o.o.c.m.services.GetAllUsersTest - Starting GetAllUsersTest on INNOSZLP00803 with PID 14164 (started by NP00442504 in D:\OpenMatics\Code\with cafen\client-login-service)
09:46:54.886 [main] INFO  c.o.o.c.m.services.GetAllUsersTest - No active profile set, falling back to default profiles: default
09:47:28.884 [main] INFO  c.o.o.c.m.services.GetAllUsersTest - Starting GetAllUsersTest on INNOSZLP00803 with PID 14164 (started by NP00442504 in D:\OpenMatics\Code\with cafen\client-login-service)
09:47:28.884 [main] INFO  c.o.o.c.m.services.GetAllUsersTest - No active profile set, falling back to default profiles: default
09:47:37.510 [main] INFO  c.o.o.c.m.services.GetUserByNameTest - Starting GetUserByNameTest on INNOSZLP00803 with PID 14164 (started by NP00442504 in D:\OpenMatics\Code\with cafen\client-login-service)
09:47:37.511 [main] INFO  c.o.o.c.m.services.GetUserByNameTest - No active profile set, falling back to default profiles: default
09:47:45.891 [main] INFO  c.o.o.c.m.services.GetUserByNameTest - Starting GetUserByNameTest on INNOSZLP00803 with PID 14164 (started by NP00442504 in D:\OpenMatics\Code\with cafen\client-login-service)
09:47:45.892 [main] INFO  c.o.o.c.m.services.GetUserByNameTest - No active profile set, falling back to default profiles: default
09:53:26.163 [main] INFO  c.o.o.c.m.services.GetAllUsersTest - Starting GetAllUsersTest on INNOSZLP00803 with PID 14284 (started by NP00442504 in D:\OpenMatics\Code\with cafen\client-login-service)
09:53:26.165 [main] INFO  c.o.o.c.m.services.GetAllUsersTest - No active profile set, falling back to default profiles: default
09:53:51.498 [main] INFO  c.o.o.c.m.services.GetAllUsersTest - Starting GetAllUsersTest on INNOSZLP00803 with PID 14284 (started by NP00442504 in D:\OpenMatics\Code\with cafen\client-login-service)
09:53:51.521 [main] INFO  c.o.o.c.m.services.GetAllUsersTest - No active profile set, falling back to default profiles: default
09:54:00.573 [main] INFO  c.o.o.c.m.services.GetUserByNameTest - Starting GetUserByNameTest on INNOSZLP00803 with PID 14284 (started by NP00442504 in D:\OpenMatics\Code\with cafen\client-login-service)
09:54:00.574 [main] INFO  c.o.o.c.m.services.GetUserByNameTest - No active profile set, falling back to default profiles: default
09:54:09.913 [main] INFO  c.o.o.c.m.services.GetUserByNameTest - Starting GetUserByNameTest on INNOSZLP00803 with PID 14284 (started by NP00442504 in D:\OpenMatics\Code\with cafen\client-login-service)
09:54:09.914 [main] INFO  c.o.o.c.m.services.GetUserByNameTest - No active profile set, falling back to default profiles: default
09:58:35.668 [main] INFO  c.o.o.c.m.services.GetAllUsersTest - Starting GetAllUsersTest on INNOSZLP00803 with PID 16716 (started by NP00442504 in D:\OpenMatics\Code\with cafen\client-login-service)
09:58:35.669 [main] INFO  c.o.o.c.m.services.GetAllUsersTest - No active profile set, falling back to default profiles: default
09:59:00.597 [main] INFO  c.o.o.c.m.services.GetAllUsersTest - Starting GetAllUsersTest on INNOSZLP00803 with PID 16716 (started by NP00442504 in D:\OpenMatics\Code\with cafen\client-login-service)
09:59:00.598 [main] INFO  c.o.o.c.m.services.GetAllUsersTest - No active profile set, falling back to default profiles: default
09:59:10.350 [main] INFO  c.o.o.c.m.services.GetUserByNameTest - Starting GetUserByNameTest on INNOSZLP00803 with PID 16716 (started by NP00442504 in D:\OpenMatics\Code\with cafen\client-login-service)
09:59:10.350 [main] INFO  c.o.o.c.m.services.GetUserByNameTest - No active profile set, falling back to default profiles: default
09:59:18.286 [main] INFO  c.o.o.c.m.services.GetUserByNameTest - Starting GetUserByNameTest on INNOSZLP00803 with PID 16716 (started by NP00442504 in D:\OpenMatics\Code\with cafen\client-login-service)
09:59:18.287 [main] INFO  c.o.o.c.m.services.GetUserByNameTest - No active profile set, falling back to default profiles: default
10:02:07.306 [main] INFO  c.o.o.c.m.services.GetAllUsersTest - Starting GetAllUsersTest on INNOSZLP00803 with PID 10748 (started by NP00442504 in D:\OpenMatics\Code\with cafen\client-login-service)
10:02:07.307 [main] INFO  c.o.o.c.m.services.GetAllUsersTest - No active profile set, falling back to default profiles: default
10:02:31.183 [main] INFO  c.o.o.c.m.services.GetAllUsersTest - Starting GetAllUsersTest on INNOSZLP00803 with PID 10748 (started by NP00442504 in D:\OpenMatics\Code\with cafen\client-login-service)
10:02:31.184 [main] INFO  c.o.o.c.m.services.GetAllUsersTest - No active profile set, falling back to default profiles: default
10:02:39.736 [main] INFO  c.o.o.c.m.services.GetUserByNameTest - Starting GetUserByNameTest on INNOSZLP00803 with PID 10748 (started by NP00442504 in D:\OpenMatics\Code\with cafen\client-login-service)
10:02:39.736 [main] INFO  c.o.o.c.m.services.GetUserByNameTest - No active profile set, falling back to default profiles: default
10:02:47.673 [main] INFO  c.o.o.c.m.services.GetUserByNameTest - Starting GetUserByNameTest on INNOSZLP00803 with PID 10748 (started by NP00442504 in D:\OpenMatics\Code\with cafen\client-login-service)
10:02:47.673 [main] INFO  c.o.o.c.m.services.GetUserByNameTest - No active profile set, falling back to default profiles: default
10:05:32.077 [main] INFO  c.o.o.c.m.services.GetAllUsersTest - Starting GetAllUsersTest on INNOSZLP00803 with PID 16648 (started by NP00442504 in D:\OpenMatics\Code\with cafen\client-login-service)
10:05:32.079 [main] INFO  c.o.o.c.m.services.GetAllUsersTest - No active profile set, falling back to default profiles: default
10:05:55.555 [main] INFO  c.o.o.c.m.services.GetAllUsersTest - Starting GetAllUsersTest on INNOSZLP00803 with PID 16648 (started by NP00442504 in D:\OpenMatics\Code\with cafen\client-login-service)
10:05:55.556 [main] INFO  c.o.o.c.m.services.GetAllUsersTest - No active profile set, falling back to default profiles: default
10:06:04.281 [main] INFO  c.o.o.c.m.services.GetUserByNameTest - Starting GetUserByNameTest on INNOSZLP00803 with PID 16648 (started by NP00442504 in D:\OpenMatics\Code\with cafen\client-login-service)
10:06:04.282 [main] INFO  c.o.o.c.m.services.GetUserByNameTest - No active profile set, falling back to default profiles: default
10:06:12.878 [main] INFO  c.o.o.c.m.services.GetUserByNameTest - Starting GetUserByNameTest on INNOSZLP00803 with PID 16648 (started by NP00442504 in D:\OpenMatics\Code\with cafen\client-login-service)
10:06:12.878 [main] INFO  c.o.o.c.m.services.GetUserByNameTest - No active profile set, falling back to default profiles: default
10:10:17.379 [main] INFO  c.o.o.c.m.services.GetAllUsersTest - Starting GetAllUsersTest on INNOSZLP00803 with PID 13356 (started by NP00442504 in D:\OpenMatics\Code\with cafen\client-login-service)
10:10:17.384 [main] INFO  c.o.o.c.m.services.GetAllUsersTest - No active profile set, falling back to default profiles: default
10:10:43.157 [main] INFO  c.o.o.c.m.services.GetAllUsersTest - Starting GetAllUsersTest on INNOSZLP00803 with PID 13356 (started by NP00442504 in D:\OpenMatics\Code\with cafen\client-login-service)
10:10:43.158 [main] INFO  c.o.o.c.m.services.GetAllUsersTest - No active profile set, falling back to default profiles: default
10:10:53.551 [main] INFO  c.o.o.c.m.services.GetUserByNameTest - Starting GetUserByNameTest on INNOSZLP00803 with PID 13356 (started by NP00442504 in D:\OpenMatics\Code\with cafen\client-login-service)
10:10:53.551 [main] INFO  c.o.o.c.m.services.GetUserByNameTest - No active profile set, falling back to default profiles: default
10:11:02.323 [main] INFO  c.o.o.c.m.services.GetUserByNameTest - Starting GetUserByNameTest on INNOSZLP00803 with PID 13356 (started by NP00442504 in D:\OpenMatics\Code\with cafen\client-login-service)
10:11:02.323 [main] INFO  c.o.o.c.m.services.GetUserByNameTest - No active profile set, falling back to default profiles: default
10:43:08.287 [main] INFO  c.o.o.c.m.services.GetAllUsersTest - Starting GetAllUsersTest on INNOSZLP00803 with PID 16284 (started by NP00442504 in D:\OpenMatics\Code\with cafen\client-login-service)
10:43:08.290 [main] INFO  c.o.o.c.m.services.GetAllUsersTest - No active profile set, falling back to default profiles: default
10:43:34.670 [main] INFO  c.o.o.c.m.services.GetAllUsersTest - Starting GetAllUsersTest on INNOSZLP00803 with PID 16284 (started by NP00442504 in D:\OpenMatics\Code\with cafen\client-login-service)
10:43:34.670 [main] INFO  c.o.o.c.m.services.GetAllUsersTest - No active profile set, falling back to default profiles: default
10:43:46.950 [main] INFO  c.o.o.c.m.services.GetUserByNameTest - Starting GetUserByNameTest on INNOSZLP00803 with PID 16284 (started by NP00442504 in D:\OpenMatics\Code\with cafen\client-login-service)
10:43:46.951 [main] INFO  c.o.o.c.m.services.GetUserByNameTest - No active profile set, falling back to default profiles: default
10:43:56.998 [main] INFO  c.o.o.c.m.services.GetUserByNameTest - Starting GetUserByNameTest on INNOSZLP00803 with PID 16284 (started by NP00442504 in D:\OpenMatics\Code\with cafen\client-login-service)
10:43:56.998 [main] INFO  c.o.o.c.m.services.GetUserByNameTest - No active profile set, falling back to default profiles: default
10:47:40.878 [main] INFO  c.o.o.c.m.services.GetAllUsersTest - Starting GetAllUsersTest on INNOSZLP00803 with PID 5320 (started by NP00442504 in D:\OpenMatics\Code\with cafen\client-login-service)
10:47:40.879 [main] INFO  c.o.o.c.m.services.GetAllUsersTest - No active profile set, falling back to default profiles: default
10:48:07.474 [main] INFO  c.o.o.c.m.services.GetAllUsersTest - Started GetAllUsersTest in 27.458 seconds (JVM running for 29.157)
10:48:08.144 [main] INFO  c.o.o.c.AbstractIntegrationTest - Entering doLogin
10:48:08.145 [main] INFO  c.o.o.c.AbstractIntegrationTest - Exiting doLogin
10:48:10.873 [http-nio-auto-1-exec-1] INFO  c.o.o.c.m.s.UserManagementImpl - currentUserName = katherbasha
10:48:10.956 [http-nio-auto-1-exec-1] INFO  c.o.o.c.m.s.UserManagementImpl - userLogin = com.openmatics.omob.clientlogin.persistanceobject.User@7dda83ac[id=1,userName=katherbasha,admin=true]
10:48:11.734 [main] INFO  c.o.o.c.m.services.GetAllUsersTest -  responseEntity = <200 OK,[Lcom.openmatics.omob.clientlogin.management.dto.UserDTO;@40416321,{Set-Cookie=[JSESSIONID=2391C996C8D4846730AC92F402C7AB5A;path=/;HttpOnly], X-Content-Type-Options=[nosniff], X-XSS-Protection=[1; mode=block], Cache-Control=[no-cache, no-store, max-age=0, must-revalidate], Pragma=[no-cache], Expires=[0], X-Frame-Options=[DENY], Content-Type=[application/json], Content-Length=[77], Date=[Tue, 23 May 2017 05:18:11 GMT]}>
10:48:11.820 [main] INFO  c.o.o.c.AbstractIntegrationTest - Entering doLogin
10:48:11.820 [main] INFO  c.o.o.c.AbstractIntegrationTest - Exiting doLogin
10:48:12.112 [main] INFO  c.o.o.c.m.services.GetUserByNameTest -  responseEntity = <200 OK,com.openmatics.omob.clientlogin.management.dto.UserDTO@517d9cd5[userName=katherbasha,admin=true,clientCode=CL01],{Set-Cookie=[JSESSIONID=F26B79CF685844D3730131D02E383573;path=/;HttpOnly], X-Content-Type-Options=[nosniff], X-XSS-Protection=[1; mode=block], Cache-Control=[no-cache, no-store, max-age=0, must-revalidate], Pragma=[no-cache], Expires=[0], X-Frame-Options=[DENY], Content-Type=[application/json], Content-Length=[133], Date=[Tue, 23 May 2017 05:18:11 GMT]}>
11:23:08.316 [main] INFO  c.o.o.c.m.services.GetAllUsersTest - Starting GetAllUsersTest on INNOSZLP00803 with PID 10868 (started by NP00442504 in D:\OpenMatics\Code\with cafen\client-login-service)
11:23:08.333 [main] INFO  c.o.o.c.m.services.GetAllUsersTest - No active profile set, falling back to default profiles: default
11:23:36.312 [main] INFO  c.o.o.c.m.services.GetAllUsersTest - Started GetAllUsersTest in 28.864 seconds (JVM running for 31.085)
11:23:36.887 [main] INFO  c.o.o.c.AbstractIntegrationTest - Entering doLogin
11:23:36.887 [main] INFO  c.o.o.c.AbstractIntegrationTest - Exiting doLogin
11:23:39.815 [http-nio-auto-1-exec-1] INFO  c.o.o.c.m.s.UserManagementImpl - currentUserName = katherbasha
11:23:39.851 [http-nio-auto-1-exec-1] INFO  c.o.o.c.m.s.UserManagementImpl - userLogin = com.openmatics.omob.clientlogin.persistanceobject.User@3a0d1ee2[id=1,userName=katherbasha,admin=true]
11:23:40.231 [main] INFO  c.o.o.c.m.services.GetAllUsersTest -  responseEntity = <200 OK,[Lcom.openmatics.omob.clientlogin.management.dto.UserDTO;@3ab70d34,{Set-Cookie=[JSESSIONID=7F8576A3E6BC7BFBCA17BF4AED16856F;path=/;HttpOnly], X-Content-Type-Options=[nosniff], X-XSS-Protection=[1; mode=block], Cache-Control=[no-cache, no-store, max-age=0, must-revalidate], Pragma=[no-cache], Expires=[0], X-Frame-Options=[DENY], Content-Type=[application/json], Content-Length=[77], Date=[Tue, 23 May 2017 05:53:40 GMT]}>
11:23:40.375 [main] INFO  c.o.o.c.AbstractIntegrationTest - Entering doLogin
11:23:40.376 [main] INFO  c.o.o.c.AbstractIntegrationTest - Exiting doLogin
11:23:40.988 [main] INFO  c.o.o.c.m.services.GetUserByNameTest -  responseEntity = <200 OK,com.openmatics.omob.clientlogin.management.dto.UserDTO@5216532a[userName=katherbasha,admin=true,clientCode=CL01],{Set-Cookie=[JSESSIONID=B2907899194E70CD049BE75D8AE8D8D5;path=/;HttpOnly], X-Content-Type-Options=[nosniff], X-XSS-Protection=[1; mode=block], Cache-Control=[no-cache, no-store, max-age=0, must-revalidate], Pragma=[no-cache], Expires=[0], X-Frame-Options=[DENY], Content-Type=[application/json], Content-Length=[133], Date=[Tue, 23 May 2017 05:53:40 GMT]}>
11:35:38.513 [main] INFO  c.o.o.c.m.services.GetAllUsersTest - Starting GetAllUsersTest on INNOSZLP00803 with PID 16256 (started by NP00442504 in D:\OpenMatics\Code\with cafen\client-login-service)
11:35:38.514 [main] INFO  c.o.o.c.m.services.GetAllUsersTest - No active profile set, falling back to default profiles: default
11:36:14.483 [main] INFO  c.o.o.c.m.services.GetAllUsersTest - Started GetAllUsersTest in 37.241 seconds (JVM running for 39.996)
11:36:14.707 [main] INFO  c.o.o.c.AbstractIntegrationTest - Entering doLogin
11:36:14.709 [main] INFO  c.o.o.c.AbstractIntegrationTest - Exiting doLogin
11:36:18.329 [http-nio-auto-1-exec-1] INFO  c.o.o.c.m.s.UserManagementImpl - currentUserName = katherbasha
11:36:18.389 [http-nio-auto-1-exec-1] INFO  c.o.o.c.m.s.UserManagementImpl - userLogin = com.openmatics.omob.clientlogin.persistanceobject.User@23d4881a[id=1,userName=katherbasha,admin=true]
11:36:18.999 [main] INFO  c.o.o.c.m.services.GetAllUsersTest -  responseEntity = <200 OK,[Lcom.openmatics.omob.clientlogin.management.dto.UserDTO;@55e88bc,{Set-Cookie=[JSESSIONID=C0FC809B542E9155BA3C6CFFC50FFBA7;path=/;HttpOnly], X-Content-Type-Options=[nosniff], X-XSS-Protection=[1; mode=block], Cache-Control=[no-cache, no-store, max-age=0, must-revalidate], Pragma=[no-cache], Expires=[0], X-Frame-Options=[DENY], Content-Type=[application/json], Content-Length=[77], Date=[Tue, 23 May 2017 06:06:18 GMT]}>
11:36:19.164 [main] INFO  c.o.o.c.AbstractIntegrationTest - Entering doLogin
11:36:19.166 [main] INFO  c.o.o.c.AbstractIntegrationTest - Exiting doLogin
11:36:19.760 [main] INFO  c.o.o.c.m.services.GetUserByNameTest -  responseEntity = <200 OK,com.openmatics.omob.clientlogin.management.dto.UserDTO@633c0a61[userName=katherbasha,admin=true,clientCode=CL01],{Set-Cookie=[JSESSIONID=2A1CF66E945B021D08F0FA1F00DBBAD3;path=/;HttpOnly], X-Content-Type-Options=[nosniff], X-XSS-Protection=[1; mode=block], Cache-Control=[no-cache, no-store, max-age=0, must-revalidate], Pragma=[no-cache], Expires=[0], X-Frame-Options=[DENY], Content-Type=[application/json], Content-Length=[133], Date=[Tue, 23 May 2017 06:06:18 GMT]}>
15:30:54.947 [main] INFO  c.o.o.c.m.services.GetAllUsersTest - Starting GetAllUsersTest on INNOSZLP00803 with PID 11624 (started by NP00442504 in D:\OpenMatics\Code\with cafen\client-login-service)
15:30:54.975 [main] INFO  c.o.o.c.m.services.GetAllUsersTest - No active profile set, falling back to default profiles: default
15:31:23.366 [main] INFO  c.o.o.c.m.services.GetAllUsersTest - Started GetAllUsersTest in 29.322 seconds (JVM running for 31.057)
15:31:23.537 [main] INFO  c.o.o.c.AbstractIntegrationTest - Entering doLogin
15:31:23.538 [main] INFO  c.o.o.c.AbstractIntegrationTest - Exiting doLogin
15:31:25.653 [http-nio-auto-1-exec-1] INFO  c.o.o.c.m.s.UserManagementImpl - currentUserName = katherbasha
15:31:25.735 [http-nio-auto-1-exec-1] INFO  c.o.o.c.m.s.UserManagementImpl - userLogin = com.openmatics.omob.clientlogin.persistanceobject.User@413ec512[id=1,userName=katherbasha,admin=true]
15:31:26.310 [main] INFO  c.o.o.c.m.services.GetAllUsersTest -  responseEntity = <200 OK,[Lcom.openmatics.omob.clientlogin.management.dto.UserDTO;@28d7bd6b,{Set-Cookie=[JSESSIONID=AC25A56644E113EE620180C0CD91FA80;path=/;HttpOnly], X-Content-Type-Options=[nosniff], X-XSS-Protection=[1; mode=block], Cache-Control=[no-cache, no-store, max-age=0, must-revalidate], Pragma=[no-cache], Expires=[0], X-Frame-Options=[DENY], Content-Type=[application/json], Content-Length=[77], Date=[Tue, 23 May 2017 10:01:26 GMT]}>
15:31:26.398 [main] INFO  c.o.o.c.AbstractIntegrationTest - Entering doLogin
15:31:26.398 [main] INFO  c.o.o.c.AbstractIntegrationTest - Exiting doLogin
15:31:26.772 [main] INFO  c.o.o.c.m.services.GetUserByNameTest -  responseEntity = <200 OK,com.openmatics.omob.clientlogin.management.dto.UserDTO@74e175c7[userName=katherbasha,admin=true,clientCode=CL01],{Set-Cookie=[JSESSIONID=D29B0CCB96A7EA8D35DEE57CBFC96EF4;path=/;HttpOnly], X-Content-Type-Options=[nosniff], X-XSS-Protection=[1; mode=block], Cache-Control=[no-cache, no-store, max-age=0, must-revalidate], Pragma=[no-cache], Expires=[0], X-Frame-Options=[DENY], Content-Type=[application/json], Content-Length=[133], Date=[Tue, 23 May 2017 10:01:26 GMT]}>
15:37:45.224 [main] INFO  c.o.o.c.m.services.GetAllUsersTest - Starting GetAllUsersTest on INNOSZLP00803 with PID 19992 (started by NP00442504 in D:\OpenMatics\Code\with cafen\client-login-service)
15:37:45.225 [main] INFO  c.o.o.c.m.services.GetAllUsersTest - No active profile set, falling back to default profiles: default
15:38:09.705 [main] INFO  c.o.o.c.m.services.GetAllUsersTest - Started GetAllUsersTest in 25.337 seconds (JVM running for 27.223)
15:38:09.851 [main] INFO  c.o.o.c.AbstractIntegrationTest - Entering doLogin
15:38:09.851 [main] INFO  c.o.o.c.AbstractIntegrationTest - Exiting doLogin
15:38:12.107 [http-nio-auto-1-exec-1] INFO  c.o.o.c.m.s.UserManagementImpl - currentUserName = katherbasha
15:38:12.152 [http-nio-auto-1-exec-1] INFO  c.o.o.c.m.s.UserManagementImpl - userLogin = com.openmatics.omob.clientlogin.persistanceobject.User@f47d24[id=1,userName=katherbasha,admin=true]
15:38:12.457 [main] INFO  c.o.o.c.m.services.GetAllUsersTest -  responseEntity = <200 OK,[Lcom.openmatics.omob.clientlogin.management.dto.UserDTO;@1791396b,{Set-Cookie=[JSESSIONID=082180FC03D3E5E8774156979A3FF7B3;path=/;HttpOnly], X-Content-Type-Options=[nosniff], X-XSS-Protection=[1; mode=block], Cache-Control=[no-cache, no-store, max-age=0, must-revalidate], Pragma=[no-cache], Expires=[0], X-Frame-Options=[DENY], Content-Type=[application/json], Content-Length=[77], Date=[Tue, 23 May 2017 10:08:12 GMT]}>
15:38:12.564 [main] INFO  c.o.o.c.AbstractIntegrationTest - Entering doLogin
15:38:12.566 [main] INFO  c.o.o.c.AbstractIntegrationTest - Exiting doLogin
15:38:12.926 [main] INFO  c.o.o.c.m.services.GetUserByNameTest -  responseEntity = <200 OK,com.openmatics.omob.clientlogin.management.dto.UserDTO@c7443f[userName=katherbasha,admin=true,clientCode=CL01],{Set-Cookie=[JSESSIONID=AF8B9FF494C5CC5BACC0EDA6B97F44D8;path=/;HttpOnly], X-Content-Type-Options=[nosniff], X-XSS-Protection=[1; mode=block], Cache-Control=[no-cache, no-store, max-age=0, must-revalidate], Pragma=[no-cache], Expires=[0], X-Frame-Options=[DENY], Content-Type=[application/json], Content-Length=[133], Date=[Tue, 23 May 2017 10:08:12 GMT]}>
15:40:51.462 [main] INFO  c.o.o.c.m.services.GetAllUsersTest - Starting GetAllUsersTest on INNOSZLP00803 with PID 11628 (started by NP00442504 in D:\OpenMatics\Code\with cafen\client-login-service)
15:40:51.463 [main] INFO  c.o.o.c.m.services.GetAllUsersTest - No active profile set, falling back to default profiles: default
15:41:20.193 [main] INFO  c.o.o.c.m.services.GetAllUsersTest - Started GetAllUsersTest in 29.66 seconds (JVM running for 31.601)
15:41:20.440 [main] INFO  c.o.o.c.AbstractIntegrationTest - Entering doLogin
15:41:20.441 [main] INFO  c.o.o.c.AbstractIntegrationTest - Exiting doLogin
15:41:23.210 [http-nio-auto-1-exec-1] INFO  c.o.o.c.m.s.UserManagementImpl - currentUserName = katherbasha
15:41:23.235 [http-nio-auto-1-exec-1] INFO  c.o.o.c.m.s.UserManagementImpl - userLogin = com.openmatics.omob.clientlogin.persistanceobject.User@55793ef7[id=1,userName=katherbasha,admin=true]
15:41:23.480 [main] INFO  c.o.o.c.m.services.GetAllUsersTest -  responseEntity = <200 OK,[Lcom.openmatics.omob.clientlogin.management.dto.UserDTO;@1791396b,{Set-Cookie=[JSESSIONID=FB8C0332D9C42EEBDC17F71EE58172C3;path=/;HttpOnly], X-Content-Type-Options=[nosniff], X-XSS-Protection=[1; mode=block], Cache-Control=[no-cache, no-store, max-age=0, must-revalidate], Pragma=[no-cache], Expires=[0], X-Frame-Options=[DENY], Content-Type=[application/json], Content-Length=[77], Date=[Tue, 23 May 2017 10:11:23 GMT]}>
15:41:23.558 [main] INFO  c.o.o.c.AbstractIntegrationTest - Entering doLogin
15:41:23.559 [main] INFO  c.o.o.c.AbstractIntegrationTest - Exiting doLogin
15:41:24.094 [main] INFO  c.o.o.c.m.services.GetUserByNameTest -  responseEntity = <200 OK,com.openmatics.omob.clientlogin.management.dto.UserDTO@74e175c7[userName=katherbasha,admin=true,clientCode=CL01],{Set-Cookie=[JSESSIONID=8DDC618B28E61F22220E208C693313B7;path=/;HttpOnly], X-Content-Type-Options=[nosniff], X-XSS-Protection=[1; mode=block], Cache-Control=[no-cache, no-store, max-age=0, must-revalidate], Pragma=[no-cache], Expires=[0], X-Frame-Options=[DENY], Content-Type=[application/json], Content-Length=[133], Date=[Tue, 23 May 2017 10:11:23 GMT]}>
15:44:31.609 [main] INFO  c.o.o.c.m.services.GetAllUsersTest - Starting GetAllUsersTest on INNOSZLP00803 with PID 16396 (started by NP00442504 in D:\OpenMatics\Code\with cafen\client-login-service)
15:44:31.610 [main] INFO  c.o.o.c.m.services.GetAllUsersTest - No active profile set, falling back to default profiles: default
15:44:58.167 [main] INFO  c.o.o.c.m.services.GetAllUsersTest - Started GetAllUsersTest in 27.413 seconds (JVM running for 29.313)
15:44:58.297 [main] INFO  c.o.o.c.AbstractIntegrationTest - Entering doLogin
15:44:58.298 [main] INFO  c.o.o.c.AbstractIntegrationTest - Exiting doLogin
15:45:03.863 [http-nio-auto-1-exec-1] INFO  c.o.o.c.m.s.UserManagementImpl - currentUserName = katherbasha
15:45:03.968 [http-nio-auto-1-exec-1] INFO  c.o.o.c.m.s.UserManagementImpl - userLogin = com.openmatics.omob.clientlogin.persistanceobject.User@2dfca06f[id=1,userName=katherbasha,admin=true]
15:45:04.356 [main] INFO  c.o.o.c.m.services.GetAllUsersTest -  responseEntity = <200 OK,[Lcom.openmatics.omob.clientlogin.management.dto.UserDTO;@e2d9923,{Set-Cookie=[JSESSIONID=6B451E4E92F5B9DB1B4966028A5F4378;path=/;HttpOnly], X-Content-Type-Options=[nosniff], X-XSS-Protection=[1; mode=block], Cache-Control=[no-cache, no-store, max-age=0, must-revalidate], Pragma=[no-cache], Expires=[0], X-Frame-Options=[DENY], Content-Type=[application/json], Content-Length=[77], Date=[Tue, 23 May 2017 10:15:04 GMT]}>
15:45:04.607 [main] INFO  c.o.o.c.AbstractIntegrationTest - Entering doLogin
15:45:04.610 [main] INFO  c.o.o.c.AbstractIntegrationTest - Exiting doLogin
15:45:05.177 [main] INFO  c.o.o.c.m.services.GetUserByNameTest -  responseEntity = <200 OK,com.openmatics.omob.clientlogin.management.dto.UserDTO@eb6ccbc[userName=katherbasha,admin=true,clientCode=CL01],{Set-Cookie=[JSESSIONID=3E7F54FEAE5EFA36120223D1545F89C0;path=/;HttpOnly], X-Content-Type-Options=[nosniff], X-XSS-Protection=[1; mode=block], Cache-Control=[no-cache, no-store, max-age=0, must-revalidate], Pragma=[no-cache], Expires=[0], X-Frame-Options=[DENY], Content-Type=[application/json], Content-Length=[133], Date=[Tue, 23 May 2017 10:15:04 GMT]}>
15:49:10.758 [main] INFO  c.o.o.c.m.services.GetAllUsersTest - Starting GetAllUsersTest on INNOSZLP00803 with PID 17636 (started by NP00442504 in D:\OpenMatics\Code\with cafen\client-login-service)
15:49:10.759 [main] INFO  c.o.o.c.m.services.GetAllUsersTest - No active profile set, falling back to default profiles: default
15:49:35.525 [main] INFO  c.o.o.c.m.services.GetAllUsersTest - Started GetAllUsersTest in 25.643 seconds (JVM running for 27.396)
15:49:35.720 [main] INFO  c.o.o.c.AbstractIntegrationTest - Entering doLogin
15:49:35.721 [main] INFO  c.o.o.c.AbstractIntegrationTest - Exiting doLogin
15:49:37.567 [http-nio-auto-1-exec-1] INFO  c.o.o.c.m.s.UserManagementImpl - currentUserName = katherbasha
15:49:37.591 [http-nio-auto-1-exec-1] INFO  c.o.o.c.m.s.UserManagementImpl - userLogin = com.openmatics.omob.clientlogin.persistanceobject.User@5d4476f1[id=1,userName=katherbasha,admin=true]
15:49:37.926 [main] INFO  c.o.o.c.m.services.GetAllUsersTest -  responseEntity = <200 OK,[Lcom.openmatics.omob.clientlogin.management.dto.UserDTO;@e2d9923,{Set-Cookie=[JSESSIONID=5FDE77A45EF5AD246858C49EB0790523;path=/;HttpOnly], X-Content-Type-Options=[nosniff], X-XSS-Protection=[1; mode=block], Cache-Control=[no-cache, no-store, max-age=0, must-revalidate], Pragma=[no-cache], Expires=[0], X-Frame-Options=[DENY], Content-Type=[application/json], Content-Length=[77], Date=[Tue, 23 May 2017 10:19:37 GMT]}>
15:49:38.097 [main] INFO  c.o.o.c.AbstractIntegrationTest - Entering doLogin
15:49:38.098 [main] INFO  c.o.o.c.AbstractIntegrationTest - Exiting doLogin
15:49:38.436 [main] INFO  c.o.o.c.m.services.GetUserByNameTest -  responseEntity = <200 OK,com.openmatics.omob.clientlogin.management.dto.UserDTO@eb6ccbc[userName=katherbasha,admin=true,clientCode=CL01],{Set-Cookie=[JSESSIONID=027FA7904AFB4BC96382D34D5A82898B;path=/;HttpOnly], X-Content-Type-Options=[nosniff], X-XSS-Protection=[1; mode=block], Cache-Control=[no-cache, no-store, max-age=0, must-revalidate], Pragma=[no-cache], Expires=[0], X-Frame-Options=[DENY], Content-Type=[application/json], Content-Length=[133], Date=[Tue, 23 May 2017 10:19:37 GMT]}>
